<?xml version="1.0" encoding="UTF-8"?>
<!-- Generated by org.testng.reporters.JUnitXMLReporter -->
<testsuite hostname="gnvl.local" ignored="0" name="Default test" tests="46" failures="0" timestamp="03 Nov 2017 07:57:07 GMT" time="101.31" errors="0">
  <testcase name="Element1: quotes" time="3.613" classname="core.ElementsValidationTest"/>
  <testcase name="Element2: Page title (Sing Up)" time="2.235" classname="core.ElementsValidationTest"/>
  <testcase name="Element3: current_location" time="2.351" classname="core.ElementsValidationTest"/>
  <testcase name="Element4: weather_icon" time="2.136" classname="core.ElementsValidationTest"/>
  <testcase name="Element5: temperature" time="2.186" classname="core.ElementsValidationTest"/>
  <testcase name="Element6: Label first name" time="2.393" classname="core.ElementsValidationTest"/>
  <testcase name="Element7: First name" time="2.049" classname="core.ElementsValidationTest"/>
  <testcase name="Element8: Label last name" time="2.203" classname="core.ElementsValidationTest"/>
  <testcase name="Element9: Last name" time="3.035" classname="core.ElementsValidationTest"/>
  <testcase name="Element10: Label email" time="2.066" classname="core.ElementsValidationTest"/>
  <testcase name="Element11: Email" time="2.005" classname="core.ElementsValidationTest"/>
  <testcase name="Element12: Label phone" time="1.909" classname="core.ElementsValidationTest"/>
  <testcase name="Element13: Phone_number" time="2.384" classname="core.ElementsValidationTest"/>
  <testcase name="Element14: Label radio male" time="1.813" classname="core.ElementsValidationTest"/>
  <testcase name="Element15: Radio button Male" time="2.09" classname="core.ElementsValidationTest"/>
  <testcase name="Element16: Label radio female" time="1.839" classname="core.ElementsValidationTest"/>
  <testcase name="Element17: Radio button Female" time="2.04" classname="core.ElementsValidationTest"/>
  <testcase name="Element18: Label State" time="2.078" classname="core.ElementsValidationTest"/>
  <testcase name="Element19: Drop-down List State" time="1.949" classname="core.ElementsValidationTest"/>
  <testcase name="Element20: Label I agree" time="1.814" classname="core.ElementsValidationTest"/>
  <testcase name="Element21: Checkbox terms" time="2.442" classname="core.ElementsValidationTest"/>
  <testcase name="Element22: Image Facebook" time="2.491" classname="core.ElementsValidationTest"/>
  <testcase name="Element23: Image Twitter" time="2.072" classname="core.ElementsValidationTest"/>
  <testcase name="Element24: Image Flickr" time="1.994" classname="core.ElementsValidationTest"/>
  <testcase name="Element25: Image Youtube" time="2.028" classname="core.ElementsValidationTest"/>
  <testcase name="Element26: Button Reset" time="2.107" classname="core.ElementsValidationTest"/>
  <testcase name="Element27: Button Submit" time="2.726" classname="core.ElementsValidationTest"/>
  <testcase name="Element28: Today&#039;s date" time="1.845" classname="core.ElementsValidationTest"/>
  <testcase name="Element29: Copyright" time="1.999" classname="core.ElementsValidationTest"/>
  <testcase name="Element30: Os &amp; browser" time="2.344" classname="core.ElementsValidationTest"/>
  <testcase name="Element31: Conf Page Title" time="1.666" classname="core.ElementsValidationTest"/>
  <testcase name="Element32: Label first name conf" time="1.334" classname="core.ElementsValidationTest"/>
  <testcase name="Element33: First name conf" time="2.243" classname="core.ElementsValidationTest"/>
  <testcase name="Element34: Label last name conf" time="1.314" classname="core.ElementsValidationTest"/>
  <testcase name="Element35: Last name conf" time="1.623" classname="core.ElementsValidationTest"/>
  <testcase name="Element36: Label email conf" time="1.732" classname="core.ElementsValidationTest"/>
  <testcase name="Element37: Email conf" time="2.763" classname="core.ElementsValidationTest"/>
  <testcase name="Element38: Label phone conf" time="1.553" classname="core.ElementsValidationTest"/>
  <testcase name="Element39: Phone_number conf" time="1.464" classname="core.ElementsValidationTest"/>
  <testcase name="Element40: Label gender conf" time="2.388" classname="core.ElementsValidationTest"/>
  <testcase name="Element41: Gender conf" time="1.827" classname="core.ElementsValidationTest"/>
  <testcase name="Element42: Label state conf" time="1.704" classname="core.ElementsValidationTest"/>
  <testcase name="Element43: State conf" time="1.423" classname="core.ElementsValidationTest"/>
  <testcase name="Element44: Label Terms conf" time="1.648" classname="core.ElementsValidationTest"/>
  <testcase name="Element45: Terms conf" time="1.513" classname="core.ElementsValidationTest"/>
  <testcase name="Element46: Button Back" time="2.196" classname="core.ElementsValidationTest"/>
</testsuite> <!-- Default test -->
