<?xml version="1.0" encoding="UTF-8"?>
<testng-results skipped="0" failed="0" ignored="0" total="46" passed="46">
  <reporter-output>
  </reporter-output>
  <suite name="Default suite" duration-ms="101310" started-at="2017-11-03T07:55:25Z" finished-at="2017-11-03T07:57:06Z">
    <groups>
    </groups>
    <test name="Default test" duration-ms="101310" started-at="2017-11-03T07:55:25Z" finished-at="2017-11-03T07:57:06Z">
      <class name="core.ElementsValidationTest">
        <test-method status="PASS" signature="bm(java.lang.reflect.Method, [Ljava.lang.Object;)[pri:0, instance:core.ElementsValidationTest@6a41eaa2]" test-instance-name="Element46: Button Back" name="bm" is-config="true" duration-ms="6" started-at="2017-11-03T00:55:25Z" finished-at="2017-11-03T00:55:25Z">
          <params>
            <param index="0">
              <value>
                <![CDATA[public void core.ElementsValidationTest.test(java.lang.String,java.lang.String,java.lang.String,java.lang.String,java.lang.String)]]>
              </value>
            </param>
            <param index="1">
              <value>
                <![CDATA[[Ljava.lang.Object;@39d76cb5]]>
              </value>
            </param>
          </params>
          <reporter-output>
          </reporter-output>
        </test-method> <!-- bm -->
        <test-method status="PASS" signature="test(java.lang.String, java.lang.String, java.lang.String, java.lang.String, java.lang.String)[pri:0, instance:core.ElementsValidationTest@6a41eaa2]" test-instance-name="Element46: Button Back" name="test" duration-ms="3613" started-at="2017-11-03T00:55:25Z" data-provider="dp" finished-at="2017-11-03T00:55:29Z">
          <params>
            <param index="0">
              <value>
                <![CDATA[Element1: quotes]]>
              </value>
            </param>
            <param index="1">
              <value>
                <![CDATA[index.php]]>
              </value>
            </param>
            <param index="2">
              <value>
                <![CDATA[id_quotes]]>
              </value>
            </param>
            <param index="3">
              <value>
                <![CDATA[(1904, 20)]]>
              </value>
            </param>
            <param index="4">
              <value>
                <![CDATA[(8, 48)]]>
              </value>
            </param>
          </params>
          <reporter-output>
          </reporter-output>
        </test-method> <!-- test -->
        <test-method status="PASS" signature="am()[pri:0, instance:core.ElementsValidationTest@6a41eaa2]" test-instance-name="Element46: Button Back" name="am" is-config="true" duration-ms="162" started-at="2017-11-03T00:55:29Z" finished-at="2017-11-03T00:55:29Z">
          <reporter-output>
          </reporter-output>
        </test-method> <!-- am -->
        <test-method status="PASS" signature="bm(java.lang.reflect.Method, [Ljava.lang.Object;)[pri:0, instance:core.ElementsValidationTest@6a41eaa2]" test-instance-name="Element46: Button Back" name="bm" is-config="true" duration-ms="1" started-at="2017-11-03T00:55:29Z" finished-at="2017-11-03T00:55:29Z">
          <params>
            <param index="0">
              <value>
                <![CDATA[public void core.ElementsValidationTest.test(java.lang.String,java.lang.String,java.lang.String,java.lang.String,java.lang.String)]]>
              </value>
            </param>
            <param index="1">
              <value>
                <![CDATA[[Ljava.lang.Object;@4a00d9cf]]>
              </value>
            </param>
          </params>
          <reporter-output>
          </reporter-output>
        </test-method> <!-- bm -->
        <test-method status="PASS" signature="test(java.lang.String, java.lang.String, java.lang.String, java.lang.String, java.lang.String)[pri:0, instance:core.ElementsValidationTest@6a41eaa2]" test-instance-name="Element46: Button Back" name="test" duration-ms="2235" started-at="2017-11-03T00:55:29Z" data-provider="dp" finished-at="2017-11-03T00:55:31Z">
          <params>
            <param index="0">
              <value>
                <![CDATA[Element2: Page title (Sing Up)]]>
              </value>
            </param>
            <param index="1">
              <value>
                <![CDATA[index.php]]>
              </value>
            </param>
            <param index="2">
              <value>
                <![CDATA[id_f_title]]>
              </value>
            </param>
            <param index="3">
              <value>
                <![CDATA[(151, 44)]]>
              </value>
            </param>
            <param index="4">
              <value>
                <![CDATA[(554, 86)]]>
              </value>
            </param>
          </params>
          <reporter-output>
          </reporter-output>
        </test-method> <!-- test -->
        <test-method status="PASS" signature="am()[pri:0, instance:core.ElementsValidationTest@6a41eaa2]" test-instance-name="Element46: Button Back" name="am" is-config="true" duration-ms="156" started-at="2017-11-03T00:55:31Z" finished-at="2017-11-03T00:55:31Z">
          <reporter-output>
          </reporter-output>
        </test-method> <!-- am -->
        <test-method status="PASS" signature="bm(java.lang.reflect.Method, [Ljava.lang.Object;)[pri:0, instance:core.ElementsValidationTest@6a41eaa2]" test-instance-name="Element46: Button Back" name="bm" is-config="true" duration-ms="0" started-at="2017-11-03T00:55:31Z" finished-at="2017-11-03T00:55:31Z">
          <params>
            <param index="0">
              <value>
                <![CDATA[public void core.ElementsValidationTest.test(java.lang.String,java.lang.String,java.lang.String,java.lang.String,java.lang.String)]]>
              </value>
            </param>
            <param index="1">
              <value>
                <![CDATA[[Ljava.lang.Object;@6736fa8d]]>
              </value>
            </param>
          </params>
          <reporter-output>
          </reporter-output>
        </test-method> <!-- bm -->
        <test-method status="PASS" signature="test(java.lang.String, java.lang.String, java.lang.String, java.lang.String, java.lang.String)[pri:0, instance:core.ElementsValidationTest@6a41eaa2]" test-instance-name="Element46: Button Back" name="test" duration-ms="2351" started-at="2017-11-03T00:55:31Z" data-provider="dp" finished-at="2017-11-03T00:55:34Z">
          <params>
            <param index="0">
              <value>
                <![CDATA[Element3: current_location]]>
              </value>
            </param>
            <param index="1">
              <value>
                <![CDATA[index.php]]>
              </value>
            </param>
            <param index="2">
              <value>
                <![CDATA[id_current_location]]>
              </value>
            </param>
            <param index="3">
              <value>
                <![CDATA[(178, 24)]]>
              </value>
            </param>
            <param index="4">
              <value>
                <![CDATA[(1150, 69)]]>
              </value>
            </param>
          </params>
          <reporter-output>
          </reporter-output>
        </test-method> <!-- test -->
        <test-method status="PASS" signature="am()[pri:0, instance:core.ElementsValidationTest@6a41eaa2]" test-instance-name="Element46: Button Back" name="am" is-config="true" duration-ms="117" started-at="2017-11-03T00:55:34Z" finished-at="2017-11-03T00:55:34Z">
          <reporter-output>
          </reporter-output>
        </test-method> <!-- am -->
        <test-method status="PASS" signature="bm(java.lang.reflect.Method, [Ljava.lang.Object;)[pri:0, instance:core.ElementsValidationTest@6a41eaa2]" test-instance-name="Element46: Button Back" name="bm" is-config="true" duration-ms="0" started-at="2017-11-03T00:55:34Z" finished-at="2017-11-03T00:55:34Z">
          <params>
            <param index="0">
              <value>
                <![CDATA[public void core.ElementsValidationTest.test(java.lang.String,java.lang.String,java.lang.String,java.lang.String,java.lang.String)]]>
              </value>
            </param>
            <param index="1">
              <value>
                <![CDATA[[Ljava.lang.Object;@52815fa3]]>
              </value>
            </param>
          </params>
          <reporter-output>
          </reporter-output>
        </test-method> <!-- bm -->
        <test-method status="PASS" signature="test(java.lang.String, java.lang.String, java.lang.String, java.lang.String, java.lang.String)[pri:0, instance:core.ElementsValidationTest@6a41eaa2]" test-instance-name="Element46: Button Back" name="test" duration-ms="2136" started-at="2017-11-03T00:55:34Z" data-provider="dp" finished-at="2017-11-03T00:55:36Z">
          <params>
            <param index="0">
              <value>
                <![CDATA[Element4: weather_icon]]>
              </value>
            </param>
            <param index="1">
              <value>
                <![CDATA[index.php]]>
              </value>
            </param>
            <param index="2">
              <value>
                <![CDATA[id_weather_icon]]>
              </value>
            </param>
            <param index="3">
              <value>
                <![CDATA[(50, 50)]]>
              </value>
            </param>
            <param index="4">
              <value>
                <![CDATA[(1197, 94)]]>
              </value>
            </param>
          </params>
          <reporter-output>
          </reporter-output>
        </test-method> <!-- test -->
        <test-method status="PASS" signature="am()[pri:0, instance:core.ElementsValidationTest@6a41eaa2]" test-instance-name="Element46: Button Back" name="am" is-config="true" duration-ms="151" started-at="2017-11-03T00:55:36Z" finished-at="2017-11-03T00:55:36Z">
          <reporter-output>
          </reporter-output>
        </test-method> <!-- am -->
        <test-method status="PASS" signature="bm(java.lang.reflect.Method, [Ljava.lang.Object;)[pri:0, instance:core.ElementsValidationTest@6a41eaa2]" test-instance-name="Element46: Button Back" name="bm" is-config="true" duration-ms="0" started-at="2017-11-03T00:55:36Z" finished-at="2017-11-03T00:55:36Z">
          <params>
            <param index="0">
              <value>
                <![CDATA[public void core.ElementsValidationTest.test(java.lang.String,java.lang.String,java.lang.String,java.lang.String,java.lang.String)]]>
              </value>
            </param>
            <param index="1">
              <value>
                <![CDATA[[Ljava.lang.Object;@50313382]]>
              </value>
            </param>
          </params>
          <reporter-output>
          </reporter-output>
        </test-method> <!-- bm -->
        <test-method status="PASS" signature="test(java.lang.String, java.lang.String, java.lang.String, java.lang.String, java.lang.String)[pri:0, instance:core.ElementsValidationTest@6a41eaa2]" test-instance-name="Element46: Button Back" name="test" duration-ms="2186" started-at="2017-11-03T00:55:36Z" data-provider="dp" finished-at="2017-11-03T00:55:38Z">
          <params>
            <param index="0">
              <value>
                <![CDATA[Element5: temperature]]>
              </value>
            </param>
            <param index="1">
              <value>
                <![CDATA[index.php]]>
              </value>
            </param>
            <param index="2">
              <value>
                <![CDATA[id_temperature]]>
              </value>
            </param>
            <param index="3">
              <value>
                <![CDATA[(72, 42)]]>
              </value>
            </param>
            <param index="4">
              <value>
                <![CDATA[(1255, 99)]]>
              </value>
            </param>
          </params>
          <reporter-output>
          </reporter-output>
        </test-method> <!-- test -->
        <test-method status="PASS" signature="am()[pri:0, instance:core.ElementsValidationTest@6a41eaa2]" test-instance-name="Element46: Button Back" name="am" is-config="true" duration-ms="149" started-at="2017-11-03T00:55:38Z" finished-at="2017-11-03T00:55:38Z">
          <reporter-output>
          </reporter-output>
        </test-method> <!-- am -->
        <test-method status="PASS" signature="test(java.lang.String, java.lang.String, java.lang.String, java.lang.String, java.lang.String)[pri:0, instance:core.ElementsValidationTest@6a41eaa2]" test-instance-name="Element46: Button Back" name="test" duration-ms="2393" started-at="2017-11-03T00:55:38Z" data-provider="dp" finished-at="2017-11-03T00:55:41Z">
          <params>
            <param index="0">
              <value>
                <![CDATA[Element6: Label first name]]>
              </value>
            </param>
            <param index="1">
              <value>
                <![CDATA[index.php]]>
              </value>
            </param>
            <param index="2">
              <value>
                <![CDATA[id_f_label_fn]]>
              </value>
            </param>
            <param index="3">
              <value>
                <![CDATA[(104, 24)]]>
              </value>
            </param>
            <param index="4">
              <value>
                <![CDATA[(554, 152)]]>
              </value>
            </param>
          </params>
          <reporter-output>
          </reporter-output>
        </test-method> <!-- test -->
        <test-method status="PASS" signature="bm(java.lang.reflect.Method, [Ljava.lang.Object;)[pri:0, instance:core.ElementsValidationTest@6a41eaa2]" test-instance-name="Element46: Button Back" name="bm" is-config="true" duration-ms="0" started-at="2017-11-03T00:55:38Z" finished-at="2017-11-03T00:55:38Z">
          <params>
            <param index="0">
              <value>
                <![CDATA[public void core.ElementsValidationTest.test(java.lang.String,java.lang.String,java.lang.String,java.lang.String,java.lang.String)]]>
              </value>
            </param>
            <param index="1">
              <value>
                <![CDATA[[Ljava.lang.Object;@1cb346ea]]>
              </value>
            </param>
          </params>
          <reporter-output>
          </reporter-output>
        </test-method> <!-- bm -->
        <test-method status="PASS" signature="am()[pri:0, instance:core.ElementsValidationTest@6a41eaa2]" test-instance-name="Element46: Button Back" name="am" is-config="true" duration-ms="114" started-at="2017-11-03T00:55:41Z" finished-at="2017-11-03T00:55:41Z">
          <reporter-output>
          </reporter-output>
        </test-method> <!-- am -->
        <test-method status="PASS" signature="bm(java.lang.reflect.Method, [Ljava.lang.Object;)[pri:0, instance:core.ElementsValidationTest@6a41eaa2]" test-instance-name="Element46: Button Back" name="bm" is-config="true" duration-ms="0" started-at="2017-11-03T00:55:41Z" finished-at="2017-11-03T00:55:41Z">
          <params>
            <param index="0">
              <value>
                <![CDATA[public void core.ElementsValidationTest.test(java.lang.String,java.lang.String,java.lang.String,java.lang.String,java.lang.String)]]>
              </value>
            </param>
            <param index="1">
              <value>
                <![CDATA[[Ljava.lang.Object;@4c012563]]>
              </value>
            </param>
          </params>
          <reporter-output>
          </reporter-output>
        </test-method> <!-- bm -->
        <test-method status="PASS" signature="test(java.lang.String, java.lang.String, java.lang.String, java.lang.String, java.lang.String)[pri:0, instance:core.ElementsValidationTest@6a41eaa2]" test-instance-name="Element46: Button Back" name="test" duration-ms="2049" started-at="2017-11-03T00:55:41Z" data-provider="dp" finished-at="2017-11-03T00:55:43Z">
          <params>
            <param index="0">
              <value>
                <![CDATA[Element7: First name]]>
              </value>
            </param>
            <param index="1">
              <value>
                <![CDATA[index.php]]>
              </value>
            </param>
            <param index="2">
              <value>
                <![CDATA[id_fname]]>
              </value>
            </param>
            <param index="3">
              <value>
                <![CDATA[(386, 42)]]>
              </value>
            </param>
            <param index="4">
              <value>
                <![CDATA[(554, 180)]]>
              </value>
            </param>
          </params>
          <reporter-output>
          </reporter-output>
        </test-method> <!-- test -->
        <test-method status="PASS" signature="am()[pri:0, instance:core.ElementsValidationTest@6a41eaa2]" test-instance-name="Element46: Button Back" name="am" is-config="true" duration-ms="155" started-at="2017-11-03T00:55:43Z" finished-at="2017-11-03T00:55:43Z">
          <reporter-output>
          </reporter-output>
        </test-method> <!-- am -->
        <test-method status="PASS" signature="test(java.lang.String, java.lang.String, java.lang.String, java.lang.String, java.lang.String)[pri:0, instance:core.ElementsValidationTest@6a41eaa2]" test-instance-name="Element46: Button Back" name="test" duration-ms="2203" started-at="2017-11-03T00:55:43Z" data-provider="dp" finished-at="2017-11-03T00:55:45Z">
          <params>
            <param index="0">
              <value>
                <![CDATA[Element8: Label last name]]>
              </value>
            </param>
            <param index="1">
              <value>
                <![CDATA[index.php]]>
              </value>
            </param>
            <param index="2">
              <value>
                <![CDATA[id_f_label_ln]]>
              </value>
            </param>
            <param index="3">
              <value>
                <![CDATA[(103, 24)]]>
              </value>
            </param>
            <param index="4">
              <value>
                <![CDATA[(979, 152)]]>
              </value>
            </param>
          </params>
          <reporter-output>
          </reporter-output>
        </test-method> <!-- test -->
        <test-method status="PASS" signature="bm(java.lang.reflect.Method, [Ljava.lang.Object;)[pri:0, instance:core.ElementsValidationTest@6a41eaa2]" test-instance-name="Element46: Button Back" name="bm" is-config="true" duration-ms="0" started-at="2017-11-03T00:55:43Z" finished-at="2017-11-03T00:55:43Z">
          <params>
            <param index="0">
              <value>
                <![CDATA[public void core.ElementsValidationTest.test(java.lang.String,java.lang.String,java.lang.String,java.lang.String,java.lang.String)]]>
              </value>
            </param>
            <param index="1">
              <value>
                <![CDATA[[Ljava.lang.Object;@14a50707]]>
              </value>
            </param>
          </params>
          <reporter-output>
          </reporter-output>
        </test-method> <!-- bm -->
        <test-method status="PASS" signature="am()[pri:0, instance:core.ElementsValidationTest@6a41eaa2]" test-instance-name="Element46: Button Back" name="am" is-config="true" duration-ms="162" started-at="2017-11-03T00:55:45Z" finished-at="2017-11-03T00:55:45Z">
          <reporter-output>
          </reporter-output>
        </test-method> <!-- am -->
        <test-method status="PASS" signature="bm(java.lang.reflect.Method, [Ljava.lang.Object;)[pri:0, instance:core.ElementsValidationTest@6a41eaa2]" test-instance-name="Element46: Button Back" name="bm" is-config="true" duration-ms="1" started-at="2017-11-03T00:55:45Z" finished-at="2017-11-03T00:55:45Z">
          <params>
            <param index="0">
              <value>
                <![CDATA[public void core.ElementsValidationTest.test(java.lang.String,java.lang.String,java.lang.String,java.lang.String,java.lang.String)]]>
              </value>
            </param>
            <param index="1">
              <value>
                <![CDATA[[Ljava.lang.Object;@4d518b32]]>
              </value>
            </param>
          </params>
          <reporter-output>
          </reporter-output>
        </test-method> <!-- bm -->
        <test-method status="PASS" signature="test(java.lang.String, java.lang.String, java.lang.String, java.lang.String, java.lang.String)[pri:0, instance:core.ElementsValidationTest@6a41eaa2]" test-instance-name="Element46: Button Back" name="test" duration-ms="3035" started-at="2017-11-03T00:55:45Z" data-provider="dp" finished-at="2017-11-03T00:55:48Z">
          <params>
            <param index="0">
              <value>
                <![CDATA[Element9: Last name]]>
              </value>
            </param>
            <param index="1">
              <value>
                <![CDATA[index.php]]>
              </value>
            </param>
            <param index="2">
              <value>
                <![CDATA[id_lname]]>
              </value>
            </param>
            <param index="3">
              <value>
                <![CDATA[(386, 42)]]>
              </value>
            </param>
            <param index="4">
              <value>
                <![CDATA[(979, 180)]]>
              </value>
            </param>
          </params>
          <reporter-output>
          </reporter-output>
        </test-method> <!-- test -->
        <test-method status="PASS" signature="am()[pri:0, instance:core.ElementsValidationTest@6a41eaa2]" test-instance-name="Element46: Button Back" name="am" is-config="true" duration-ms="152" started-at="2017-11-03T00:55:48Z" finished-at="2017-11-03T00:55:49Z">
          <reporter-output>
          </reporter-output>
        </test-method> <!-- am -->
        <test-method status="PASS" signature="bm(java.lang.reflect.Method, [Ljava.lang.Object;)[pri:0, instance:core.ElementsValidationTest@6a41eaa2]" test-instance-name="Element46: Button Back" name="bm" is-config="true" duration-ms="0" started-at="2017-11-03T00:55:49Z" finished-at="2017-11-03T00:55:49Z">
          <params>
            <param index="0">
              <value>
                <![CDATA[public void core.ElementsValidationTest.test(java.lang.String,java.lang.String,java.lang.String,java.lang.String,java.lang.String)]]>
              </value>
            </param>
            <param index="1">
              <value>
                <![CDATA[[Ljava.lang.Object;@4bd31064]]>
              </value>
            </param>
          </params>
          <reporter-output>
          </reporter-output>
        </test-method> <!-- bm -->
        <test-method status="PASS" signature="test(java.lang.String, java.lang.String, java.lang.String, java.lang.String, java.lang.String)[pri:0, instance:core.ElementsValidationTest@6a41eaa2]" test-instance-name="Element46: Button Back" name="test" duration-ms="2066" started-at="2017-11-03T00:55:49Z" data-provider="dp" finished-at="2017-11-03T00:55:51Z">
          <params>
            <param index="0">
              <value>
                <![CDATA[Element10: Label email]]>
              </value>
            </param>
            <param index="1">
              <value>
                <![CDATA[index.php]]>
              </value>
            </param>
            <param index="2">
              <value>
                <![CDATA[id_f_label_ea]]>
              </value>
            </param>
            <param index="3">
              <value>
                <![CDATA[(138, 24)]]>
              </value>
            </param>
            <param index="4">
              <value>
                <![CDATA[(554, 232)]]>
              </value>
            </param>
          </params>
          <reporter-output>
          </reporter-output>
        </test-method> <!-- test -->
        <test-method status="PASS" signature="am()[pri:0, instance:core.ElementsValidationTest@6a41eaa2]" test-instance-name="Element46: Button Back" name="am" is-config="true" duration-ms="154" started-at="2017-11-03T00:55:51Z" finished-at="2017-11-03T00:55:51Z">
          <reporter-output>
          </reporter-output>
        </test-method> <!-- am -->
        <test-method status="PASS" signature="bm(java.lang.reflect.Method, [Ljava.lang.Object;)[pri:0, instance:core.ElementsValidationTest@6a41eaa2]" test-instance-name="Element46: Button Back" name="bm" is-config="true" duration-ms="0" started-at="2017-11-03T00:55:51Z" finished-at="2017-11-03T00:55:51Z">
          <params>
            <param index="0">
              <value>
                <![CDATA[public void core.ElementsValidationTest.test(java.lang.String,java.lang.String,java.lang.String,java.lang.String,java.lang.String)]]>
              </value>
            </param>
            <param index="1">
              <value>
                <![CDATA[[Ljava.lang.Object;@e3c0e40]]>
              </value>
            </param>
          </params>
          <reporter-output>
          </reporter-output>
        </test-method> <!-- bm -->
        <test-method status="PASS" signature="test(java.lang.String, java.lang.String, java.lang.String, java.lang.String, java.lang.String)[pri:0, instance:core.ElementsValidationTest@6a41eaa2]" test-instance-name="Element46: Button Back" name="test" duration-ms="2005" started-at="2017-11-03T00:55:51Z" data-provider="dp" finished-at="2017-11-03T00:55:53Z">
          <params>
            <param index="0">
              <value>
                <![CDATA[Element11: Email]]>
              </value>
            </param>
            <param index="1">
              <value>
                <![CDATA[index.php]]>
              </value>
            </param>
            <param index="2">
              <value>
                <![CDATA[id_email]]>
              </value>
            </param>
            <param index="3">
              <value>
                <![CDATA[(386, 42)]]>
              </value>
            </param>
            <param index="4">
              <value>
                <![CDATA[(554, 260)]]>
              </value>
            </param>
          </params>
          <reporter-output>
          </reporter-output>
        </test-method> <!-- test -->
        <test-method status="PASS" signature="am()[pri:0, instance:core.ElementsValidationTest@6a41eaa2]" test-instance-name="Element46: Button Back" name="am" is-config="true" duration-ms="112" started-at="2017-11-03T00:55:53Z" finished-at="2017-11-03T00:55:53Z">
          <reporter-output>
          </reporter-output>
        </test-method> <!-- am -->
        <test-method status="PASS" signature="bm(java.lang.reflect.Method, [Ljava.lang.Object;)[pri:0, instance:core.ElementsValidationTest@6a41eaa2]" test-instance-name="Element46: Button Back" name="bm" is-config="true" duration-ms="0" started-at="2017-11-03T00:55:53Z" finished-at="2017-11-03T00:55:53Z">
          <params>
            <param index="0">
              <value>
                <![CDATA[public void core.ElementsValidationTest.test(java.lang.String,java.lang.String,java.lang.String,java.lang.String,java.lang.String)]]>
              </value>
            </param>
            <param index="1">
              <value>
                <![CDATA[[Ljava.lang.Object;@329dbdbf]]>
              </value>
            </param>
          </params>
          <reporter-output>
          </reporter-output>
        </test-method> <!-- bm -->
        <test-method status="PASS" signature="test(java.lang.String, java.lang.String, java.lang.String, java.lang.String, java.lang.String)[pri:0, instance:core.ElementsValidationTest@6a41eaa2]" test-instance-name="Element46: Button Back" name="test" duration-ms="1909" started-at="2017-11-03T00:55:53Z" data-provider="dp" finished-at="2017-11-03T00:55:55Z">
          <params>
            <param index="0">
              <value>
                <![CDATA[Element12: Label phone]]>
              </value>
            </param>
            <param index="1">
              <value>
                <![CDATA[index.php]]>
              </value>
            </param>
            <param index="2">
              <value>
                <![CDATA[id_f_label_pn]]>
              </value>
            </param>
            <param index="3">
              <value>
                <![CDATA[(143, 24)]]>
              </value>
            </param>
            <param index="4">
              <value>
                <![CDATA[(979, 232)]]>
              </value>
            </param>
          </params>
          <reporter-output>
          </reporter-output>
        </test-method> <!-- test -->
        <test-method status="PASS" signature="am()[pri:0, instance:core.ElementsValidationTest@6a41eaa2]" test-instance-name="Element46: Button Back" name="am" is-config="true" duration-ms="158" started-at="2017-11-03T00:55:55Z" finished-at="2017-11-03T00:55:55Z">
          <reporter-output>
          </reporter-output>
        </test-method> <!-- am -->
        <test-method status="PASS" signature="bm(java.lang.reflect.Method, [Ljava.lang.Object;)[pri:0, instance:core.ElementsValidationTest@6a41eaa2]" test-instance-name="Element46: Button Back" name="bm" is-config="true" duration-ms="0" started-at="2017-11-03T00:55:55Z" finished-at="2017-11-03T00:55:55Z">
          <params>
            <param index="0">
              <value>
                <![CDATA[public void core.ElementsValidationTest.test(java.lang.String,java.lang.String,java.lang.String,java.lang.String,java.lang.String)]]>
              </value>
            </param>
            <param index="1">
              <value>
                <![CDATA[[Ljava.lang.Object;@7354b8c5]]>
              </value>
            </param>
          </params>
          <reporter-output>
          </reporter-output>
        </test-method> <!-- bm -->
        <test-method status="PASS" signature="test(java.lang.String, java.lang.String, java.lang.String, java.lang.String, java.lang.String)[pri:0, instance:core.ElementsValidationTest@6a41eaa2]" test-instance-name="Element46: Button Back" name="test" duration-ms="2384" started-at="2017-11-03T00:55:55Z" data-provider="dp" finished-at="2017-11-03T00:55:57Z">
          <params>
            <param index="0">
              <value>
                <![CDATA[Element13: Phone_number]]>
              </value>
            </param>
            <param index="1">
              <value>
                <![CDATA[index.php]]>
              </value>
            </param>
            <param index="2">
              <value>
                <![CDATA[id_phone]]>
              </value>
            </param>
            <param index="3">
              <value>
                <![CDATA[(386, 42)]]>
              </value>
            </param>
            <param index="4">
              <value>
                <![CDATA[(979, 260)]]>
              </value>
            </param>
          </params>
          <reporter-output>
          </reporter-output>
        </test-method> <!-- test -->
        <test-method status="PASS" signature="am()[pri:0, instance:core.ElementsValidationTest@6a41eaa2]" test-instance-name="Element46: Button Back" name="am" is-config="true" duration-ms="153" started-at="2017-11-03T00:55:57Z" finished-at="2017-11-03T00:55:58Z">
          <reporter-output>
          </reporter-output>
        </test-method> <!-- am -->
        <test-method status="PASS" signature="test(java.lang.String, java.lang.String, java.lang.String, java.lang.String, java.lang.String)[pri:0, instance:core.ElementsValidationTest@6a41eaa2]" test-instance-name="Element46: Button Back" name="test" duration-ms="1813" started-at="2017-11-03T00:55:58Z" data-provider="dp" finished-at="2017-11-03T00:55:59Z">
          <params>
            <param index="0">
              <value>
                <![CDATA[Element14: Label radio male]]>
              </value>
            </param>
            <param index="1">
              <value>
                <![CDATA[index.php]]>
              </value>
            </param>
            <param index="2">
              <value>
                <![CDATA[id_rb_label_m]]>
              </value>
            </param>
            <param index="3">
              <value>
                <![CDATA[(44, 23)]]>
              </value>
            </param>
            <param index="4">
              <value>
                <![CDATA[(599, 355)]]>
              </value>
            </param>
          </params>
          <reporter-output>
          </reporter-output>
        </test-method> <!-- test -->
        <test-method status="PASS" signature="bm(java.lang.reflect.Method, [Ljava.lang.Object;)[pri:0, instance:core.ElementsValidationTest@6a41eaa2]" test-instance-name="Element46: Button Back" name="bm" is-config="true" duration-ms="0" started-at="2017-11-03T00:55:58Z" finished-at="2017-11-03T00:55:58Z">
          <params>
            <param index="0">
              <value>
                <![CDATA[public void core.ElementsValidationTest.test(java.lang.String,java.lang.String,java.lang.String,java.lang.String,java.lang.String)]]>
              </value>
            </param>
            <param index="1">
              <value>
                <![CDATA[[Ljava.lang.Object;@20d7d6fb]]>
              </value>
            </param>
          </params>
          <reporter-output>
          </reporter-output>
        </test-method> <!-- bm -->
        <test-method status="PASS" signature="am()[pri:0, instance:core.ElementsValidationTest@6a41eaa2]" test-instance-name="Element46: Button Back" name="am" is-config="true" duration-ms="147" started-at="2017-11-03T00:55:59Z" finished-at="2017-11-03T00:56:00Z">
          <reporter-output>
          </reporter-output>
        </test-method> <!-- am -->
        <test-method status="PASS" signature="test(java.lang.String, java.lang.String, java.lang.String, java.lang.String, java.lang.String)[pri:0, instance:core.ElementsValidationTest@6a41eaa2]" test-instance-name="Element46: Button Back" name="test" duration-ms="2090" started-at="2017-11-03T00:56:00Z" data-provider="dp" finished-at="2017-11-03T00:56:02Z">
          <params>
            <param index="0">
              <value>
                <![CDATA[Element15: Radio button Male]]>
              </value>
            </param>
            <param index="1">
              <value>
                <![CDATA[index.php]]>
              </value>
            </param>
            <param index="2">
              <value>
                <![CDATA[id_gender_male]]>
              </value>
            </param>
            <param index="3">
              <value>
                <![CDATA[(19, 20)]]>
              </value>
            </param>
            <param index="4">
              <value>
                <![CDATA[(566, 356)]]>
              </value>
            </param>
          </params>
          <reporter-output>
          </reporter-output>
        </test-method> <!-- test -->
        <test-method status="PASS" signature="bm(java.lang.reflect.Method, [Ljava.lang.Object;)[pri:0, instance:core.ElementsValidationTest@6a41eaa2]" test-instance-name="Element46: Button Back" name="bm" is-config="true" duration-ms="0" started-at="2017-11-03T00:56:00Z" finished-at="2017-11-03T00:56:00Z">
          <params>
            <param index="0">
              <value>
                <![CDATA[public void core.ElementsValidationTest.test(java.lang.String,java.lang.String,java.lang.String,java.lang.String,java.lang.String)]]>
              </value>
            </param>
            <param index="1">
              <value>
                <![CDATA[[Ljava.lang.Object;@4ef782af]]>
              </value>
            </param>
          </params>
          <reporter-output>
          </reporter-output>
        </test-method> <!-- bm -->
        <test-method status="PASS" signature="am()[pri:0, instance:core.ElementsValidationTest@6a41eaa2]" test-instance-name="Element46: Button Back" name="am" is-config="true" duration-ms="158" started-at="2017-11-03T00:56:02Z" finished-at="2017-11-03T00:56:02Z">
          <reporter-output>
          </reporter-output>
        </test-method> <!-- am -->
        <test-method status="PASS" signature="bm(java.lang.reflect.Method, [Ljava.lang.Object;)[pri:0, instance:core.ElementsValidationTest@6a41eaa2]" test-instance-name="Element46: Button Back" name="bm" is-config="true" duration-ms="1" started-at="2017-11-03T00:56:02Z" finished-at="2017-11-03T00:56:02Z">
          <params>
            <param index="0">
              <value>
                <![CDATA[public void core.ElementsValidationTest.test(java.lang.String,java.lang.String,java.lang.String,java.lang.String,java.lang.String)]]>
              </value>
            </param>
            <param index="1">
              <value>
                <![CDATA[[Ljava.lang.Object;@11d8ae8b]]>
              </value>
            </param>
          </params>
          <reporter-output>
          </reporter-output>
        </test-method> <!-- bm -->
        <test-method status="PASS" signature="test(java.lang.String, java.lang.String, java.lang.String, java.lang.String, java.lang.String)[pri:0, instance:core.ElementsValidationTest@6a41eaa2]" test-instance-name="Element46: Button Back" name="test" duration-ms="1839" started-at="2017-11-03T00:56:02Z" data-provider="dp" finished-at="2017-11-03T00:56:04Z">
          <params>
            <param index="0">
              <value>
                <![CDATA[Element16: Label radio female]]>
              </value>
            </param>
            <param index="1">
              <value>
                <![CDATA[index.php]]>
              </value>
            </param>
            <param index="2">
              <value>
                <![CDATA[id_rb_label_f]]>
              </value>
            </param>
            <param index="3">
              <value>
                <![CDATA[(66, 23)]]>
              </value>
            </param>
            <param index="4">
              <value>
                <![CDATA[(778, 355)]]>
              </value>
            </param>
          </params>
          <reporter-output>
          </reporter-output>
        </test-method> <!-- test -->
        <test-method status="PASS" signature="am()[pri:0, instance:core.ElementsValidationTest@6a41eaa2]" test-instance-name="Element46: Button Back" name="am" is-config="true" duration-ms="153" started-at="2017-11-03T00:56:04Z" finished-at="2017-11-03T00:56:04Z">
          <reporter-output>
          </reporter-output>
        </test-method> <!-- am -->
        <test-method status="PASS" signature="bm(java.lang.reflect.Method, [Ljava.lang.Object;)[pri:0, instance:core.ElementsValidationTest@6a41eaa2]" test-instance-name="Element46: Button Back" name="bm" is-config="true" duration-ms="1" started-at="2017-11-03T00:56:04Z" finished-at="2017-11-03T00:56:04Z">
          <params>
            <param index="0">
              <value>
                <![CDATA[public void core.ElementsValidationTest.test(java.lang.String,java.lang.String,java.lang.String,java.lang.String,java.lang.String)]]>
              </value>
            </param>
            <param index="1">
              <value>
                <![CDATA[[Ljava.lang.Object;@479cbee5]]>
              </value>
            </param>
          </params>
          <reporter-output>
          </reporter-output>
        </test-method> <!-- bm -->
        <test-method status="PASS" signature="test(java.lang.String, java.lang.String, java.lang.String, java.lang.String, java.lang.String)[pri:0, instance:core.ElementsValidationTest@6a41eaa2]" test-instance-name="Element46: Button Back" name="test" duration-ms="2040" started-at="2017-11-03T00:56:04Z" data-provider="dp" finished-at="2017-11-03T00:56:06Z">
          <params>
            <param index="0">
              <value>
                <![CDATA[Element17: Radio button Female]]>
              </value>
            </param>
            <param index="1">
              <value>
                <![CDATA[index.php]]>
              </value>
            </param>
            <param index="2">
              <value>
                <![CDATA[id_gender_female]]>
              </value>
            </param>
            <param index="3">
              <value>
                <![CDATA[(19, 20)]]>
              </value>
            </param>
            <param index="4">
              <value>
                <![CDATA[(745, 356)]]>
              </value>
            </param>
          </params>
          <reporter-output>
          </reporter-output>
        </test-method> <!-- test -->
        <test-method status="PASS" signature="am()[pri:0, instance:core.ElementsValidationTest@6a41eaa2]" test-instance-name="Element46: Button Back" name="am" is-config="true" duration-ms="131" started-at="2017-11-03T00:56:06Z" finished-at="2017-11-03T00:56:06Z">
          <reporter-output>
          </reporter-output>
        </test-method> <!-- am -->
        <test-method status="PASS" signature="test(java.lang.String, java.lang.String, java.lang.String, java.lang.String, java.lang.String)[pri:0, instance:core.ElementsValidationTest@6a41eaa2]" test-instance-name="Element46: Button Back" name="test" duration-ms="2078" started-at="2017-11-03T00:56:06Z" data-provider="dp" finished-at="2017-11-03T00:56:08Z">
          <params>
            <param index="0">
              <value>
                <![CDATA[Element18: Label State]]>
              </value>
            </param>
            <param index="1">
              <value>
                <![CDATA[index.php]]>
              </value>
            </param>
            <param index="2">
              <value>
                <![CDATA[id_f_label_s]]>
              </value>
            </param>
            <param index="3">
              <value>
                <![CDATA[(50, 24)]]>
              </value>
            </param>
            <param index="4">
              <value>
                <![CDATA[(979, 317)]]>
              </value>
            </param>
          </params>
          <reporter-output>
          </reporter-output>
        </test-method> <!-- test -->
        <test-method status="PASS" signature="bm(java.lang.reflect.Method, [Ljava.lang.Object;)[pri:0, instance:core.ElementsValidationTest@6a41eaa2]" test-instance-name="Element46: Button Back" name="bm" is-config="true" duration-ms="0" started-at="2017-11-03T00:56:06Z" finished-at="2017-11-03T00:56:06Z">
          <params>
            <param index="0">
              <value>
                <![CDATA[public void core.ElementsValidationTest.test(java.lang.String,java.lang.String,java.lang.String,java.lang.String,java.lang.String)]]>
              </value>
            </param>
            <param index="1">
              <value>
                <![CDATA[[Ljava.lang.Object;@59e2d8e3]]>
              </value>
            </param>
          </params>
          <reporter-output>
          </reporter-output>
        </test-method> <!-- bm -->
        <test-method status="PASS" signature="am()[pri:0, instance:core.ElementsValidationTest@6a41eaa2]" test-instance-name="Element46: Button Back" name="am" is-config="true" duration-ms="158" started-at="2017-11-03T00:56:08Z" finished-at="2017-11-03T00:56:08Z">
          <reporter-output>
          </reporter-output>
        </test-method> <!-- am -->
        <test-method status="PASS" signature="bm(java.lang.reflect.Method, [Ljava.lang.Object;)[pri:0, instance:core.ElementsValidationTest@6a41eaa2]" test-instance-name="Element46: Button Back" name="bm" is-config="true" duration-ms="0" started-at="2017-11-03T00:56:08Z" finished-at="2017-11-03T00:56:08Z">
          <params>
            <param index="0">
              <value>
                <![CDATA[public void core.ElementsValidationTest.test(java.lang.String,java.lang.String,java.lang.String,java.lang.String,java.lang.String)]]>
              </value>
            </param>
            <param index="1">
              <value>
                <![CDATA[[Ljava.lang.Object;@2b72cb8a]]>
              </value>
            </param>
          </params>
          <reporter-output>
          </reporter-output>
        </test-method> <!-- bm -->
        <test-method status="PASS" signature="test(java.lang.String, java.lang.String, java.lang.String, java.lang.String, java.lang.String)[pri:0, instance:core.ElementsValidationTest@6a41eaa2]" test-instance-name="Element46: Button Back" name="test" duration-ms="1949" started-at="2017-11-03T00:56:08Z" data-provider="dp" finished-at="2017-11-03T00:56:10Z">
          <params>
            <param index="0">
              <value>
                <![CDATA[Element19: Drop-down List State]]>
              </value>
            </param>
            <param index="1">
              <value>
                <![CDATA[index.php]]>
              </value>
            </param>
            <param index="2">
              <value>
                <![CDATA[id_state]]>
              </value>
            </param>
            <param index="3">
              <value>
                <![CDATA[(340, 35)]]>
              </value>
            </param>
            <param index="4">
              <value>
                <![CDATA[(979, 345)]]>
              </value>
            </param>
          </params>
          <reporter-output>
          </reporter-output>
        </test-method> <!-- test -->
        <test-method status="PASS" signature="am()[pri:0, instance:core.ElementsValidationTest@6a41eaa2]" test-instance-name="Element46: Button Back" name="am" is-config="true" duration-ms="154" started-at="2017-11-03T00:56:10Z" finished-at="2017-11-03T00:56:10Z">
          <reporter-output>
          </reporter-output>
        </test-method> <!-- am -->
        <test-method status="PASS" signature="test(java.lang.String, java.lang.String, java.lang.String, java.lang.String, java.lang.String)[pri:0, instance:core.ElementsValidationTest@6a41eaa2]" test-instance-name="Element46: Button Back" name="test" duration-ms="1814" started-at="2017-11-03T00:56:10Z" data-provider="dp" finished-at="2017-11-03T00:56:12Z">
          <params>
            <param index="0">
              <value>
                <![CDATA[Element20: Label I agree]]>
              </value>
            </param>
            <param index="1">
              <value>
                <![CDATA[index.php]]>
              </value>
            </param>
            <param index="2">
              <value>
                <![CDATA[id_cb_label_t]]>
              </value>
            </param>
            <param index="3">
              <value>
                <![CDATA[(231, 30)]]>
              </value>
            </param>
            <param index="4">
              <value>
                <![CDATA[(584, 416)]]>
              </value>
            </param>
          </params>
          <reporter-output>
          </reporter-output>
        </test-method> <!-- test -->
        <test-method status="PASS" signature="bm(java.lang.reflect.Method, [Ljava.lang.Object;)[pri:0, instance:core.ElementsValidationTest@6a41eaa2]" test-instance-name="Element46: Button Back" name="bm" is-config="true" duration-ms="0" started-at="2017-11-03T00:56:10Z" finished-at="2017-11-03T00:56:10Z">
          <params>
            <param index="0">
              <value>
                <![CDATA[public void core.ElementsValidationTest.test(java.lang.String,java.lang.String,java.lang.String,java.lang.String,java.lang.String)]]>
              </value>
            </param>
            <param index="1">
              <value>
                <![CDATA[[Ljava.lang.Object;@7f8a9499]]>
              </value>
            </param>
          </params>
          <reporter-output>
          </reporter-output>
        </test-method> <!-- bm -->
        <test-method status="PASS" signature="am()[pri:0, instance:core.ElementsValidationTest@6a41eaa2]" test-instance-name="Element46: Button Back" name="am" is-config="true" duration-ms="161" started-at="2017-11-03T00:56:12Z" finished-at="2017-11-03T00:56:12Z">
          <reporter-output>
          </reporter-output>
        </test-method> <!-- am -->
        <test-method status="PASS" signature="bm(java.lang.reflect.Method, [Ljava.lang.Object;)[pri:0, instance:core.ElementsValidationTest@6a41eaa2]" test-instance-name="Element46: Button Back" name="bm" is-config="true" duration-ms="0" started-at="2017-11-03T00:56:12Z" finished-at="2017-11-03T00:56:12Z">
          <params>
            <param index="0">
              <value>
                <![CDATA[public void core.ElementsValidationTest.test(java.lang.String,java.lang.String,java.lang.String,java.lang.String,java.lang.String)]]>
              </value>
            </param>
            <param index="1">
              <value>
                <![CDATA[[Ljava.lang.Object;@5d43661b]]>
              </value>
            </param>
          </params>
          <reporter-output>
          </reporter-output>
        </test-method> <!-- bm -->
        <test-method status="PASS" signature="test(java.lang.String, java.lang.String, java.lang.String, java.lang.String, java.lang.String)[pri:0, instance:core.ElementsValidationTest@6a41eaa2]" test-instance-name="Element46: Button Back" name="test" duration-ms="2442" started-at="2017-11-03T00:56:12Z" data-provider="dp" finished-at="2017-11-03T00:56:15Z">
          <params>
            <param index="0">
              <value>
                <![CDATA[Element21: Checkbox terms]]>
              </value>
            </param>
            <param index="1">
              <value>
                <![CDATA[index.php]]>
              </value>
            </param>
            <param index="2">
              <value>
                <![CDATA[id_terms]]>
              </value>
            </param>
            <param index="3">
              <value>
                <![CDATA[(19, 20)]]>
              </value>
            </param>
            <param index="4">
              <value>
                <![CDATA[(554, 423)]]>
              </value>
            </param>
          </params>
          <reporter-output>
          </reporter-output>
        </test-method> <!-- test -->
        <test-method status="PASS" signature="am()[pri:0, instance:core.ElementsValidationTest@6a41eaa2]" test-instance-name="Element46: Button Back" name="am" is-config="true" duration-ms="159" started-at="2017-11-03T00:56:15Z" finished-at="2017-11-03T00:56:15Z">
          <reporter-output>
          </reporter-output>
        </test-method> <!-- am -->
        <test-method status="PASS" signature="test(java.lang.String, java.lang.String, java.lang.String, java.lang.String, java.lang.String)[pri:0, instance:core.ElementsValidationTest@6a41eaa2]" test-instance-name="Element46: Button Back" name="test" duration-ms="2491" started-at="2017-11-03T00:56:15Z" data-provider="dp" finished-at="2017-11-03T00:56:17Z">
          <params>
            <param index="0">
              <value>
                <![CDATA[Element22: Image Facebook]]>
              </value>
            </param>
            <param index="1">
              <value>
                <![CDATA[index.php]]>
              </value>
            </param>
            <param index="2">
              <value>
                <![CDATA[id_img_facebook]]>
              </value>
            </param>
            <param index="3">
              <value>
                <![CDATA[(60, 60)]]>
              </value>
            </param>
            <param index="4">
              <value>
                <![CDATA[(554, 481)]]>
              </value>
            </param>
          </params>
          <reporter-output>
          </reporter-output>
        </test-method> <!-- test -->
        <test-method status="PASS" signature="bm(java.lang.reflect.Method, [Ljava.lang.Object;)[pri:0, instance:core.ElementsValidationTest@6a41eaa2]" test-instance-name="Element46: Button Back" name="bm" is-config="true" duration-ms="0" started-at="2017-11-03T00:56:15Z" finished-at="2017-11-03T00:56:15Z">
          <params>
            <param index="0">
              <value>
                <![CDATA[public void core.ElementsValidationTest.test(java.lang.String,java.lang.String,java.lang.String,java.lang.String,java.lang.String)]]>
              </value>
            </param>
            <param index="1">
              <value>
                <![CDATA[[Ljava.lang.Object;@12299890]]>
              </value>
            </param>
          </params>
          <reporter-output>
          </reporter-output>
        </test-method> <!-- bm -->
        <test-method status="PASS" signature="am()[pri:0, instance:core.ElementsValidationTest@6a41eaa2]" test-instance-name="Element46: Button Back" name="am" is-config="true" duration-ms="156" started-at="2017-11-03T00:56:17Z" finished-at="2017-11-03T00:56:18Z">
          <reporter-output>
          </reporter-output>
        </test-method> <!-- am -->
        <test-method status="PASS" signature="bm(java.lang.reflect.Method, [Ljava.lang.Object;)[pri:0, instance:core.ElementsValidationTest@6a41eaa2]" test-instance-name="Element46: Button Back" name="bm" is-config="true" duration-ms="0" started-at="2017-11-03T00:56:18Z" finished-at="2017-11-03T00:56:18Z">
          <params>
            <param index="0">
              <value>
                <![CDATA[public void core.ElementsValidationTest.test(java.lang.String,java.lang.String,java.lang.String,java.lang.String,java.lang.String)]]>
              </value>
            </param>
            <param index="1">
              <value>
                <![CDATA[[Ljava.lang.Object;@2fba3fc4]]>
              </value>
            </param>
          </params>
          <reporter-output>
          </reporter-output>
        </test-method> <!-- bm -->
        <test-method status="PASS" signature="test(java.lang.String, java.lang.String, java.lang.String, java.lang.String, java.lang.String)[pri:0, instance:core.ElementsValidationTest@6a41eaa2]" test-instance-name="Element46: Button Back" name="test" duration-ms="2072" started-at="2017-11-03T00:56:18Z" data-provider="dp" finished-at="2017-11-03T00:56:20Z">
          <params>
            <param index="0">
              <value>
                <![CDATA[Element23: Image Twitter]]>
              </value>
            </param>
            <param index="1">
              <value>
                <![CDATA[index.php]]>
              </value>
            </param>
            <param index="2">
              <value>
                <![CDATA[id_img_twitter]]>
              </value>
            </param>
            <param index="3">
              <value>
                <![CDATA[(60, 60)]]>
              </value>
            </param>
            <param index="4">
              <value>
                <![CDATA[(619, 481)]]>
              </value>
            </param>
          </params>
          <reporter-output>
          </reporter-output>
        </test-method> <!-- test -->
        <test-method status="PASS" signature="am()[pri:0, instance:core.ElementsValidationTest@6a41eaa2]" test-instance-name="Element46: Button Back" name="am" is-config="true" duration-ms="160" started-at="2017-11-03T00:56:20Z" finished-at="2017-11-03T00:56:20Z">
          <reporter-output>
          </reporter-output>
        </test-method> <!-- am -->
        <test-method status="PASS" signature="bm(java.lang.reflect.Method, [Ljava.lang.Object;)[pri:0, instance:core.ElementsValidationTest@6a41eaa2]" test-instance-name="Element46: Button Back" name="bm" is-config="true" duration-ms="1" started-at="2017-11-03T00:56:20Z" finished-at="2017-11-03T00:56:20Z">
          <params>
            <param index="0">
              <value>
                <![CDATA[public void core.ElementsValidationTest.test(java.lang.String,java.lang.String,java.lang.String,java.lang.String,java.lang.String)]]>
              </value>
            </param>
            <param index="1">
              <value>
                <![CDATA[[Ljava.lang.Object;@4bf48f6]]>
              </value>
            </param>
          </params>
          <reporter-output>
          </reporter-output>
        </test-method> <!-- bm -->
        <test-method status="PASS" signature="test(java.lang.String, java.lang.String, java.lang.String, java.lang.String, java.lang.String)[pri:0, instance:core.ElementsValidationTest@6a41eaa2]" test-instance-name="Element46: Button Back" name="test" duration-ms="1994" started-at="2017-11-03T00:56:20Z" data-provider="dp" finished-at="2017-11-03T00:56:22Z">
          <params>
            <param index="0">
              <value>
                <![CDATA[Element24: Image Flickr]]>
              </value>
            </param>
            <param index="1">
              <value>
                <![CDATA[index.php]]>
              </value>
            </param>
            <param index="2">
              <value>
                <![CDATA[id_img_flickr]]>
              </value>
            </param>
            <param index="3">
              <value>
                <![CDATA[(60, 60)]]>
              </value>
            </param>
            <param index="4">
              <value>
                <![CDATA[(685, 481)]]>
              </value>
            </param>
          </params>
          <reporter-output>
          </reporter-output>
        </test-method> <!-- test -->
        <test-method status="PASS" signature="am()[pri:0, instance:core.ElementsValidationTest@6a41eaa2]" test-instance-name="Element46: Button Back" name="am" is-config="true" duration-ms="119" started-at="2017-11-03T00:56:22Z" finished-at="2017-11-03T00:56:22Z">
          <reporter-output>
          </reporter-output>
        </test-method> <!-- am -->
        <test-method status="PASS" signature="test(java.lang.String, java.lang.String, java.lang.String, java.lang.String, java.lang.String)[pri:0, instance:core.ElementsValidationTest@6a41eaa2]" test-instance-name="Element46: Button Back" name="test" duration-ms="2028" started-at="2017-11-03T00:56:22Z" data-provider="dp" finished-at="2017-11-03T00:56:24Z">
          <params>
            <param index="0">
              <value>
                <![CDATA[Element25: Image Youtube]]>
              </value>
            </param>
            <param index="1">
              <value>
                <![CDATA[index.php]]>
              </value>
            </param>
            <param index="2">
              <value>
                <![CDATA[id_img_youtube]]>
              </value>
            </param>
            <param index="3">
              <value>
                <![CDATA[(60, 60)]]>
              </value>
            </param>
            <param index="4">
              <value>
                <![CDATA[(750, 481)]]>
              </value>
            </param>
          </params>
          <reporter-output>
          </reporter-output>
        </test-method> <!-- test -->
        <test-method status="PASS" signature="bm(java.lang.reflect.Method, [Ljava.lang.Object;)[pri:0, instance:core.ElementsValidationTest@6a41eaa2]" test-instance-name="Element46: Button Back" name="bm" is-config="true" duration-ms="0" started-at="2017-11-03T00:56:22Z" finished-at="2017-11-03T00:56:22Z">
          <params>
            <param index="0">
              <value>
                <![CDATA[public void core.ElementsValidationTest.test(java.lang.String,java.lang.String,java.lang.String,java.lang.String,java.lang.String)]]>
              </value>
            </param>
            <param index="1">
              <value>
                <![CDATA[[Ljava.lang.Object;@420a85c4]]>
              </value>
            </param>
          </params>
          <reporter-output>
          </reporter-output>
        </test-method> <!-- bm -->
        <test-method status="PASS" signature="am()[pri:0, instance:core.ElementsValidationTest@6a41eaa2]" test-instance-name="Element46: Button Back" name="am" is-config="true" duration-ms="148" started-at="2017-11-03T00:56:24Z" finished-at="2017-11-03T00:56:24Z">
          <reporter-output>
          </reporter-output>
        </test-method> <!-- am -->
        <test-method status="PASS" signature="bm(java.lang.reflect.Method, [Ljava.lang.Object;)[pri:0, instance:core.ElementsValidationTest@6a41eaa2]" test-instance-name="Element46: Button Back" name="bm" is-config="true" duration-ms="0" started-at="2017-11-03T00:56:24Z" finished-at="2017-11-03T00:56:24Z">
          <params>
            <param index="0">
              <value>
                <![CDATA[public void core.ElementsValidationTest.test(java.lang.String,java.lang.String,java.lang.String,java.lang.String,java.lang.String)]]>
              </value>
            </param>
            <param index="1">
              <value>
                <![CDATA[[Ljava.lang.Object;@1c39680d]]>
              </value>
            </param>
          </params>
          <reporter-output>
          </reporter-output>
        </test-method> <!-- bm -->
        <test-method status="PASS" signature="test(java.lang.String, java.lang.String, java.lang.String, java.lang.String, java.lang.String)[pri:0, instance:core.ElementsValidationTest@6a41eaa2]" test-instance-name="Element46: Button Back" name="test" duration-ms="2107" started-at="2017-11-03T00:56:24Z" data-provider="dp" finished-at="2017-11-03T00:56:26Z">
          <params>
            <param index="0">
              <value>
                <![CDATA[Element26: Button Reset]]>
              </value>
            </param>
            <param index="1">
              <value>
                <![CDATA[index.php]]>
              </value>
            </param>
            <param index="2">
              <value>
                <![CDATA[id_reset_button]]>
              </value>
            </param>
            <param index="3">
              <value>
                <![CDATA[(104, 37)]]>
              </value>
            </param>
            <param index="4">
              <value>
                <![CDATA[(991, 496)]]>
              </value>
            </param>
          </params>
          <reporter-output>
          </reporter-output>
        </test-method> <!-- test -->
        <test-method status="PASS" signature="am()[pri:0, instance:core.ElementsValidationTest@6a41eaa2]" test-instance-name="Element46: Button Back" name="am" is-config="true" duration-ms="374" started-at="2017-11-03T00:56:26Z" finished-at="2017-11-03T00:56:27Z">
          <reporter-output>
          </reporter-output>
        </test-method> <!-- am -->
        <test-method status="PASS" signature="bm(java.lang.reflect.Method, [Ljava.lang.Object;)[pri:0, instance:core.ElementsValidationTest@6a41eaa2]" test-instance-name="Element46: Button Back" name="bm" is-config="true" duration-ms="0" started-at="2017-11-03T00:56:27Z" finished-at="2017-11-03T00:56:27Z">
          <params>
            <param index="0">
              <value>
                <![CDATA[public void core.ElementsValidationTest.test(java.lang.String,java.lang.String,java.lang.String,java.lang.String,java.lang.String)]]>
              </value>
            </param>
            <param index="1">
              <value>
                <![CDATA[[Ljava.lang.Object;@62833051]]>
              </value>
            </param>
          </params>
          <reporter-output>
          </reporter-output>
        </test-method> <!-- bm -->
        <test-method status="PASS" signature="test(java.lang.String, java.lang.String, java.lang.String, java.lang.String, java.lang.String)[pri:0, instance:core.ElementsValidationTest@6a41eaa2]" test-instance-name="Element46: Button Back" name="test" duration-ms="2726" started-at="2017-11-03T00:56:27Z" data-provider="dp" finished-at="2017-11-03T00:56:29Z">
          <params>
            <param index="0">
              <value>
                <![CDATA[Element27: Button Submit]]>
              </value>
            </param>
            <param index="1">
              <value>
                <![CDATA[index.php]]>
              </value>
            </param>
            <param index="2">
              <value>
                <![CDATA[id_submit_button]]>
              </value>
            </param>
            <param index="3">
              <value>
                <![CDATA[(118, 37)]]>
              </value>
            </param>
            <param index="4">
              <value>
                <![CDATA[(1246, 496)]]>
              </value>
            </param>
          </params>
          <reporter-output>
          </reporter-output>
        </test-method> <!-- test -->
        <test-method status="PASS" signature="am()[pri:0, instance:core.ElementsValidationTest@6a41eaa2]" test-instance-name="Element46: Button Back" name="am" is-config="true" duration-ms="112" started-at="2017-11-03T00:56:29Z" finished-at="2017-11-03T00:56:29Z">
          <reporter-output>
          </reporter-output>
        </test-method> <!-- am -->
        <test-method status="PASS" signature="bm(java.lang.reflect.Method, [Ljava.lang.Object;)[pri:0, instance:core.ElementsValidationTest@6a41eaa2]" test-instance-name="Element46: Button Back" name="bm" is-config="true" duration-ms="0" started-at="2017-11-03T00:56:29Z" finished-at="2017-11-03T00:56:29Z">
          <params>
            <param index="0">
              <value>
                <![CDATA[public void core.ElementsValidationTest.test(java.lang.String,java.lang.String,java.lang.String,java.lang.String,java.lang.String)]]>
              </value>
            </param>
            <param index="1">
              <value>
                <![CDATA[[Ljava.lang.Object;@1c852c0f]]>
              </value>
            </param>
          </params>
          <reporter-output>
          </reporter-output>
        </test-method> <!-- bm -->
        <test-method status="PASS" signature="test(java.lang.String, java.lang.String, java.lang.String, java.lang.String, java.lang.String)[pri:0, instance:core.ElementsValidationTest@6a41eaa2]" test-instance-name="Element46: Button Back" name="test" duration-ms="1845" started-at="2017-11-03T00:56:29Z" data-provider="dp" finished-at="2017-11-03T00:56:31Z">
          <params>
            <param index="0">
              <value>
                <![CDATA[Element28: Today's date]]>
              </value>
            </param>
            <param index="1">
              <value>
                <![CDATA[index.php]]>
              </value>
            </param>
            <param index="2">
              <value>
                <![CDATA[timestamp]]>
              </value>
            </param>
            <param index="3">
              <value>
                <![CDATA[(290, 24)]]>
              </value>
            </param>
            <param index="4">
              <value>
                <![CDATA[(535, 553)]]>
              </value>
            </param>
          </params>
          <reporter-output>
          </reporter-output>
        </test-method> <!-- test -->
        <test-method status="PASS" signature="am()[pri:0, instance:core.ElementsValidationTest@6a41eaa2]" test-instance-name="Element46: Button Back" name="am" is-config="true" duration-ms="115" started-at="2017-11-03T00:56:31Z" finished-at="2017-11-03T00:56:31Z">
          <reporter-output>
          </reporter-output>
        </test-method> <!-- am -->
        <test-method status="PASS" signature="bm(java.lang.reflect.Method, [Ljava.lang.Object;)[pri:0, instance:core.ElementsValidationTest@6a41eaa2]" test-instance-name="Element46: Button Back" name="bm" is-config="true" duration-ms="0" started-at="2017-11-03T00:56:31Z" finished-at="2017-11-03T00:56:31Z">
          <params>
            <param index="0">
              <value>
                <![CDATA[public void core.ElementsValidationTest.test(java.lang.String,java.lang.String,java.lang.String,java.lang.String,java.lang.String)]]>
              </value>
            </param>
            <param index="1">
              <value>
                <![CDATA[[Ljava.lang.Object;@a37aefe]]>
              </value>
            </param>
          </params>
          <reporter-output>
          </reporter-output>
        </test-method> <!-- bm -->
        <test-method status="PASS" signature="test(java.lang.String, java.lang.String, java.lang.String, java.lang.String, java.lang.String)[pri:0, instance:core.ElementsValidationTest@6a41eaa2]" test-instance-name="Element46: Button Back" name="test" duration-ms="1999" started-at="2017-11-03T00:56:31Z" data-provider="dp" finished-at="2017-11-03T00:56:33Z">
          <params>
            <param index="0">
              <value>
                <![CDATA[Element29: Copyright]]>
              </value>
            </param>
            <param index="1">
              <value>
                <![CDATA[index.php]]>
              </value>
            </param>
            <param index="2">
              <value>
                <![CDATA[copyright]]>
              </value>
            </param>
            <param index="3">
              <value>
                <![CDATA[(250, 24)]]>
              </value>
            </param>
            <param index="4">
              <value>
                <![CDATA[(825, 553)]]>
              </value>
            </param>
          </params>
          <reporter-output>
          </reporter-output>
        </test-method> <!-- test -->
        <test-method status="PASS" signature="am()[pri:0, instance:core.ElementsValidationTest@6a41eaa2]" test-instance-name="Element46: Button Back" name="am" is-config="true" duration-ms="152" started-at="2017-11-03T00:56:33Z" finished-at="2017-11-03T00:56:33Z">
          <reporter-output>
          </reporter-output>
        </test-method> <!-- am -->
        <test-method status="PASS" signature="bm(java.lang.reflect.Method, [Ljava.lang.Object;)[pri:0, instance:core.ElementsValidationTest@6a41eaa2]" test-instance-name="Element46: Button Back" name="bm" is-config="true" duration-ms="0" started-at="2017-11-03T00:56:33Z" finished-at="2017-11-03T00:56:33Z">
          <params>
            <param index="0">
              <value>
                <![CDATA[public void core.ElementsValidationTest.test(java.lang.String,java.lang.String,java.lang.String,java.lang.String,java.lang.String)]]>
              </value>
            </param>
            <param index="1">
              <value>
                <![CDATA[[Ljava.lang.Object;@5d99c6b5]]>
              </value>
            </param>
          </params>
          <reporter-output>
          </reporter-output>
        </test-method> <!-- bm -->
        <test-method status="PASS" signature="test(java.lang.String, java.lang.String, java.lang.String, java.lang.String, java.lang.String)[pri:0, instance:core.ElementsValidationTest@6a41eaa2]" test-instance-name="Element46: Button Back" name="test" duration-ms="2344" started-at="2017-11-03T00:56:33Z" data-provider="dp" finished-at="2017-11-03T00:56:36Z">
          <params>
            <param index="0">
              <value>
                <![CDATA[Element30: Os & browser]]>
              </value>
            </param>
            <param index="1">
              <value>
                <![CDATA[index.php]]>
              </value>
            </param>
            <param index="2">
              <value>
                <![CDATA[os_browser]]>
              </value>
            </param>
            <param index="3">
              <value>
                <![CDATA[(310, 24)]]>
              </value>
            </param>
            <param index="4">
              <value>
                <![CDATA[(1075, 553)]]>
              </value>
            </param>
          </params>
          <reporter-output>
          </reporter-output>
        </test-method> <!-- test -->
        <test-method status="PASS" signature="am()[pri:0, instance:core.ElementsValidationTest@6a41eaa2]" test-instance-name="Element46: Button Back" name="am" is-config="true" duration-ms="105" started-at="2017-11-03T00:56:36Z" finished-at="2017-11-03T00:56:36Z">
          <reporter-output>
          </reporter-output>
        </test-method> <!-- am -->
        <test-method status="PASS" signature="bm(java.lang.reflect.Method, [Ljava.lang.Object;)[pri:0, instance:core.ElementsValidationTest@6a41eaa2]" test-instance-name="Element46: Button Back" name="bm" is-config="true" duration-ms="0" started-at="2017-11-03T00:56:36Z" finished-at="2017-11-03T00:56:36Z">
          <params>
            <param index="0">
              <value>
                <![CDATA[public void core.ElementsValidationTest.test(java.lang.String,java.lang.String,java.lang.String,java.lang.String,java.lang.String)]]>
              </value>
            </param>
            <param index="1">
              <value>
                <![CDATA[[Ljava.lang.Object;@266374ef]]>
              </value>
            </param>
          </params>
          <reporter-output>
          </reporter-output>
        </test-method> <!-- bm -->
        <test-method status="PASS" signature="test(java.lang.String, java.lang.String, java.lang.String, java.lang.String, java.lang.String)[pri:0, instance:core.ElementsValidationTest@6a41eaa2]" test-instance-name="Element46: Button Back" name="test" duration-ms="1666" started-at="2017-11-03T00:56:36Z" data-provider="dp" finished-at="2017-11-03T00:56:38Z">
          <params>
            <param index="0">
              <value>
                <![CDATA[Element31: Conf Page Title]]>
              </value>
            </param>
            <param index="1">
              <value>
                <![CDATA[confirmation.php]]>
              </value>
            </param>
            <param index="2">
              <value>
                <![CDATA[id_f_title]]>
              </value>
            </param>
            <param index="3">
              <value>
                <![CDATA[(249, 44)]]>
              </value>
            </param>
            <param index="4">
              <value>
                <![CDATA[(560, 76)]]>
              </value>
            </param>
          </params>
          <reporter-output>
          </reporter-output>
        </test-method> <!-- test -->
        <test-method status="PASS" signature="am()[pri:0, instance:core.ElementsValidationTest@6a41eaa2]" test-instance-name="Element46: Button Back" name="am" is-config="true" duration-ms="106" started-at="2017-11-03T00:56:38Z" finished-at="2017-11-03T00:56:38Z">
          <reporter-output>
          </reporter-output>
        </test-method> <!-- am -->
        <test-method status="PASS" signature="test(java.lang.String, java.lang.String, java.lang.String, java.lang.String, java.lang.String)[pri:0, instance:core.ElementsValidationTest@6a41eaa2]" test-instance-name="Element46: Button Back" name="test" duration-ms="1334" started-at="2017-11-03T00:56:38Z" data-provider="dp" finished-at="2017-11-03T00:56:39Z">
          <params>
            <param index="0">
              <value>
                <![CDATA[Element32: Label first name conf]]>
              </value>
            </param>
            <param index="1">
              <value>
                <![CDATA[confirmation.php]]>
              </value>
            </param>
            <param index="2">
              <value>
                <![CDATA[id_f_label_fn]]>
              </value>
            </param>
            <param index="3">
              <value>
                <![CDATA[(104, 24)]]>
              </value>
            </param>
            <param index="4">
              <value>
                <![CDATA[(561, 151)]]>
              </value>
            </param>
          </params>
          <reporter-output>
          </reporter-output>
        </test-method> <!-- test -->
        <test-method status="PASS" signature="bm(java.lang.reflect.Method, [Ljava.lang.Object;)[pri:0, instance:core.ElementsValidationTest@6a41eaa2]" test-instance-name="Element46: Button Back" name="bm" is-config="true" duration-ms="0" started-at="2017-11-03T00:56:38Z" finished-at="2017-11-03T00:56:38Z">
          <params>
            <param index="0">
              <value>
                <![CDATA[public void core.ElementsValidationTest.test(java.lang.String,java.lang.String,java.lang.String,java.lang.String,java.lang.String)]]>
              </value>
            </param>
            <param index="1">
              <value>
                <![CDATA[[Ljava.lang.Object;@13b3d178]]>
              </value>
            </param>
          </params>
          <reporter-output>
          </reporter-output>
        </test-method> <!-- bm -->
        <test-method status="PASS" signature="am()[pri:0, instance:core.ElementsValidationTest@6a41eaa2]" test-instance-name="Element46: Button Back" name="am" is-config="true" duration-ms="107" started-at="2017-11-03T00:56:39Z" finished-at="2017-11-03T00:56:39Z">
          <reporter-output>
          </reporter-output>
        </test-method> <!-- am -->
        <test-method status="PASS" signature="bm(java.lang.reflect.Method, [Ljava.lang.Object;)[pri:0, instance:core.ElementsValidationTest@6a41eaa2]" test-instance-name="Element46: Button Back" name="bm" is-config="true" duration-ms="1" started-at="2017-11-03T00:56:39Z" finished-at="2017-11-03T00:56:39Z">
          <params>
            <param index="0">
              <value>
                <![CDATA[public void core.ElementsValidationTest.test(java.lang.String,java.lang.String,java.lang.String,java.lang.String,java.lang.String)]]>
              </value>
            </param>
            <param index="1">
              <value>
                <![CDATA[[Ljava.lang.Object;@24c4ddae]]>
              </value>
            </param>
          </params>
          <reporter-output>
          </reporter-output>
        </test-method> <!-- bm -->
        <test-method status="PASS" signature="test(java.lang.String, java.lang.String, java.lang.String, java.lang.String, java.lang.String)[pri:0, instance:core.ElementsValidationTest@6a41eaa2]" test-instance-name="Element46: Button Back" name="test" duration-ms="2243" started-at="2017-11-03T00:56:39Z" data-provider="dp" finished-at="2017-11-03T00:56:41Z">
          <params>
            <param index="0">
              <value>
                <![CDATA[Element33: First name conf]]>
              </value>
            </param>
            <param index="1">
              <value>
                <![CDATA[confirmation.php]]>
              </value>
            </param>
            <param index="2">
              <value>
                <![CDATA[id_fname]]>
              </value>
            </param>
            <param index="3">
              <value>
                <![CDATA[(10, 42)]]>
              </value>
            </param>
            <param index="4">
              <value>
                <![CDATA[(561, 169)]]>
              </value>
            </param>
          </params>
          <reporter-output>
          </reporter-output>
        </test-method> <!-- test -->
        <test-method status="PASS" signature="am()[pri:0, instance:core.ElementsValidationTest@6a41eaa2]" test-instance-name="Element46: Button Back" name="am" is-config="true" duration-ms="103" started-at="2017-11-03T00:56:41Z" finished-at="2017-11-03T00:56:41Z">
          <reporter-output>
          </reporter-output>
        </test-method> <!-- am -->
        <test-method status="PASS" signature="bm(java.lang.reflect.Method, [Ljava.lang.Object;)[pri:0, instance:core.ElementsValidationTest@6a41eaa2]" test-instance-name="Element46: Button Back" name="bm" is-config="true" duration-ms="0" started-at="2017-11-03T00:56:41Z" finished-at="2017-11-03T00:56:41Z">
          <params>
            <param index="0">
              <value>
                <![CDATA[public void core.ElementsValidationTest.test(java.lang.String,java.lang.String,java.lang.String,java.lang.String,java.lang.String)]]>
              </value>
            </param>
            <param index="1">
              <value>
                <![CDATA[[Ljava.lang.Object;@37fb0bed]]>
              </value>
            </param>
          </params>
          <reporter-output>
[...]
        <test-method status="PASS" signature="am()[pri:0, instance:core.ElementsValidationTest@6a41eaa2]" test-instance-name="Element46: Button Back" name="am" is-config="true" duration-ms="150" started-at="2017-11-03T00:56:51Z" finished-at="2017-11-03T00:56:51Z">
          <reporter-output>
          </reporter-output>
        </test-method> <!-- am -->
        <test-method status="PASS" signature="test(java.lang.String, java.lang.String, java.lang.String, java.lang.String, java.lang.String)[pri:0, instance:core.ElementsValidationTest@6a41eaa2]" test-instance-name="Element46: Button Back" name="test" duration-ms="1464" started-at="2017-11-03T00:56:51Z" data-provider="dp" finished-at="2017-11-03T00:56:53Z">
          <params>
            <param index="0">
              <value>
                <![CDATA[Element39: Phone_number conf]]>
              </value>
            </param>
            <param index="1">
              <value>
                <![CDATA[confirmation.php]]>
              </value>
            </param>
            <param index="2">
              <value>
                <![CDATA[id_phone]]>
              </value>
            </param>
            <param index="3">
              <value>
                <![CDATA[(10, 42)]]>
              </value>
            </param>
            <param index="4">
              <value>
                <![CDATA[(986, 249)]]>
              </value>
            </param>
          </params>
          <reporter-output>
          </reporter-output>
        </test-method> <!-- test -->
        <test-method status="PASS" signature="bm(java.lang.reflect.Method, [Ljava.lang.Object;)[pri:0, instance:core.ElementsValidationTest@6a41eaa2]" test-instance-name="Element46: Button Back" name="bm" is-config="true" duration-ms="0" started-at="2017-11-03T00:56:51Z" finished-at="2017-11-03T00:56:51Z">
          <params>
            <param index="0">
              <value>
                <![CDATA[public void core.ElementsValidationTest.test(java.lang.String,java.lang.String,java.lang.String,java.lang.String,java.lang.String)]]>
              </value>
            </param>
            <param index="1">
              <value>
                <![CDATA[[Ljava.lang.Object;@766653e6]]>
              </value>
            </param>
          </params>
          <reporter-output>
          </reporter-output>
        </test-method> <!-- bm -->
        <test-method status="PASS" signature="am()[pri:0, instance:core.ElementsValidationTest@6a41eaa2]" test-instance-name="Element46: Button Back" name="am" is-config="true" duration-ms="152" started-at="2017-11-03T00:56:53Z" finished-at="2017-11-03T00:56:53Z">
          <reporter-output>
          </reporter-output>
        </test-method> <!-- am -->
        <test-method status="PASS" signature="test(java.lang.String, java.lang.String, java.lang.String, java.lang.String, java.lang.String)[pri:0, instance:core.ElementsValidationTest@6a41eaa2]" test-instance-name="Element46: Button Back" name="test" duration-ms="2388" started-at="2017-11-03T00:56:53Z" data-provider="dp" finished-at="2017-11-03T00:56:55Z">
          <params>
            <param index="0">
              <value>
                <![CDATA[Element40: Label gender conf]]>
              </value>
            </param>
            <param index="1">
              <value>
                <![CDATA[confirmation.php]]>
              </value>
            </param>
            <param index="2">
              <value>
                <![CDATA[id_rb_label_g]]>
              </value>
            </param>
            <param index="3">
              <value>
                <![CDATA[(71, 24)]]>
              </value>
            </param>
            <param index="4">
              <value>
                <![CDATA[(561, 311)]]>
              </value>
            </param>
          </params>
          <reporter-output>
          </reporter-output>
        </test-method> <!-- test -->
        <test-method status="PASS" signature="bm(java.lang.reflect.Method, [Ljava.lang.Object;)[pri:0, instance:core.ElementsValidationTest@6a41eaa2]" test-instance-name="Element46: Button Back" name="bm" is-config="true" duration-ms="0" started-at="2017-11-03T00:56:53Z" finished-at="2017-11-03T00:56:53Z">
          <params>
            <param index="0">
              <value>
                <![CDATA[public void core.ElementsValidationTest.test(java.lang.String,java.lang.String,java.lang.String,java.lang.String,java.lang.String)]]>
              </value>
            </param>
            <param index="1">
              <value>
                <![CDATA[[Ljava.lang.Object;@4e07b95f]]>
              </value>
            </param>
          </params>
          <reporter-output>
          </reporter-output>
        </test-method> <!-- bm -->
        <test-method status="PASS" signature="am()[pri:0, instance:core.ElementsValidationTest@6a41eaa2]" test-instance-name="Element46: Button Back" name="am" is-config="true" duration-ms="106" started-at="2017-11-03T00:56:55Z" finished-at="2017-11-03T00:56:55Z">
          <reporter-output>
          </reporter-output>
        </test-method> <!-- am -->
        <test-method status="PASS" signature="bm(java.lang.reflect.Method, [Ljava.lang.Object;)[pri:0, instance:core.ElementsValidationTest@6a41eaa2]" test-instance-name="Element46: Button Back" name="bm" is-config="true" duration-ms="0" started-at="2017-11-03T00:56:55Z" finished-at="2017-11-03T00:56:55Z">
          <params>
            <param index="0">
              <value>
                <![CDATA[public void core.ElementsValidationTest.test(java.lang.String,java.lang.String,java.lang.String,java.lang.String,java.lang.String)]]>
              </value>
            </param>
            <param index="1">
              <value>
                <![CDATA[[Ljava.lang.Object;@28b46423]]>
              </value>
            </param>
          </params>
          <reporter-output>
          </reporter-output>
        </test-method> <!-- bm -->
        <test-method status="PASS" signature="test(java.lang.String, java.lang.String, java.lang.String, java.lang.String, java.lang.String)[pri:0, instance:core.ElementsValidationTest@6a41eaa2]" test-instance-name="Element46: Button Back" name="test" duration-ms="1827" started-at="2017-11-03T00:56:55Z" data-provider="dp" finished-at="2017-11-03T00:56:57Z">
          <params>
            <param index="0">
              <value>
                <![CDATA[Element41: Gender conf]]>
              </value>
            </param>
            <param index="1">
              <value>
                <![CDATA[confirmation.php]]>
              </value>
            </param>
            <param index="2">
              <value>
                <![CDATA[id_gender]]>
              </value>
            </param>
            <param index="3">
              <value>
                <![CDATA[(10, 42)]]>
              </value>
            </param>
            <param index="4">
              <value>
                <![CDATA[(561, 329)]]>
              </value>
            </param>
          </params>
          <reporter-output>
          </reporter-output>
        </test-method> <!-- test -->
        <test-method status="PASS" signature="am()[pri:0, instance:core.ElementsValidationTest@6a41eaa2]" test-instance-name="Element46: Button Back" name="am" is-config="true" duration-ms="109" started-at="2017-11-03T00:56:57Z" finished-at="2017-11-03T00:56:57Z">
          <reporter-output>
          </reporter-output>
        </test-method> <!-- am -->
        <test-method status="PASS" signature="bm(java.lang.reflect.Method, [Ljava.lang.Object;)[pri:0, instance:core.ElementsValidationTest@6a41eaa2]" test-instance-name="Element46: Button Back" name="bm" is-config="true" duration-ms="0" started-at="2017-11-03T00:56:57Z" finished-at="2017-11-03T00:56:57Z">
          <params>
            <param index="0">
              <value>
                <![CDATA[public void core.ElementsValidationTest.test(java.lang.String,java.lang.String,java.lang.String,java.lang.String,java.lang.String)]]>
              </value>
            </param>
            <param index="1">
              <value>
                <![CDATA[[Ljava.lang.Object;@7fc4780b]]>
              </value>
            </param>
          </params>
          <reporter-output>
          </reporter-output>
        </test-method> <!-- bm -->
        <test-method status="PASS" signature="test(java.lang.String, java.lang.String, java.lang.String, java.lang.String, java.lang.String)[pri:0, instance:core.ElementsValidationTest@6a41eaa2]" test-instance-name="Element46: Button Back" name="test" duration-ms="1704" started-at="2017-11-03T00:56:57Z" data-provider="dp" finished-at="2017-11-03T00:56:59Z">
          <params>
            <param index="0">
              <value>
                <![CDATA[Element42: Label state conf]]>
              </value>
            </param>
            <param index="1">
              <value>
                <![CDATA[confirmation.php]]>
              </value>
            </param>
            <param index="2">
              <value>
                <![CDATA[id_f_label_s]]>
              </value>
            </param>
            <param index="3">
              <value>
                <![CDATA[(50, 24)]]>
              </value>
            </param>
            <param index="4">
              <value>
                <![CDATA[(986, 311)]]>
              </value>
            </param>
          </params>
          <reporter-output>
          </reporter-output>
        </test-method> <!-- test -->
        <test-method status="PASS" signature="am()[pri:0, instance:core.ElementsValidationTest@6a41eaa2]" test-instance-name="Element46: Button Back" name="am" is-config="true" duration-ms="149" started-at="2017-11-03T00:56:59Z" finished-at="2017-11-03T00:56:59Z">
          <reporter-output>
          </reporter-output>
        </test-method> <!-- am -->
        <test-method status="PASS" signature="bm(java.lang.reflect.Method, [Ljava.lang.Object;)[pri:0, instance:core.ElementsValidationTest@6a41eaa2]" test-instance-name="Element46: Button Back" name="bm" is-config="true" duration-ms="0" started-at="2017-11-03T00:56:59Z" finished-at="2017-11-03T00:56:59Z">
          <params>
            <param index="0">
              <value>
                <![CDATA[public void core.ElementsValidationTest.test(java.lang.String,java.lang.String,java.lang.String,java.lang.String,java.lang.String)]]>
              </value>
            </param>
            <param index="1">
              <value>
                <![CDATA[[Ljava.lang.Object;@3b79fd76]]>
              </value>
            </param>
          </params>
          <reporter-output>
          </reporter-output>
        </test-method> <!-- bm -->
        <test-method status="PASS" signature="test(java.lang.String, java.lang.String, java.lang.String, java.lang.String, java.lang.String)[pri:0, instance:core.ElementsValidationTest@6a41eaa2]" test-instance-name="Element46: Button Back" name="test" duration-ms="1423" started-at="2017-11-03T00:56:59Z" data-provider="dp" finished-at="2017-11-03T00:57:00Z">
          <params>
            <param index="0">
              <value>
                <![CDATA[Element43: State conf]]>
              </value>
            </param>
            <param index="1">
              <value>
                <![CDATA[confirmation.php]]>
              </value>
            </param>
            <param index="2">
              <value>
                <![CDATA[id_state]]>
              </value>
            </param>
            <param index="3">
              <value>
                <![CDATA[(10, 42)]]>
              </value>
            </param>
            <param index="4">
              <value>
                <![CDATA[(986, 329)]]>
              </value>
            </param>
          </params>
          <reporter-output>
          </reporter-output>
        </test-method> <!-- test -->
        <test-method status="PASS" signature="am()[pri:0, instance:core.ElementsValidationTest@6a41eaa2]" test-instance-name="Element46: Button Back" name="am" is-config="true" duration-ms="148" started-at="2017-11-03T00:57:00Z" finished-at="2017-11-03T00:57:01Z">
          <reporter-output>
          </reporter-output>
        </test-method> <!-- am -->
        <test-method status="PASS" signature="bm(java.lang.reflect.Method, [Ljava.lang.Object;)[pri:0, instance:core.ElementsValidationTest@6a41eaa2]" test-instance-name="Element46: Button Back" name="bm" is-config="true" duration-ms="0" started-at="2017-11-03T00:57:01Z" finished-at="2017-11-03T00:57:01Z">
          <params>
            <param index="0">
              <value>
                <![CDATA[public void core.ElementsValidationTest.test(java.lang.String,java.lang.String,java.lang.String,java.lang.String,java.lang.String)]]>
              </value>
            </param>
            <param index="1">
              <value>
                <![CDATA[[Ljava.lang.Object;@48c76607]]>
              </value>
            </param>
          </params>
          <reporter-output>
          </reporter-output>
        </test-method> <!-- bm -->
        <test-method status="PASS" signature="test(java.lang.String, java.lang.String, java.lang.String, java.lang.String, java.lang.String)[pri:0, instance:core.ElementsValidationTest@6a41eaa2]" test-instance-name="Element46: Button Back" name="test" duration-ms="1648" started-at="2017-11-03T00:57:01Z" data-provider="dp" finished-at="2017-11-03T00:57:02Z">
          <params>
            <param index="0">
              <value>
                <![CDATA[Element44: Label Terms conf]]>
              </value>
            </param>
            <param index="1">
              <value>
                <![CDATA[confirmation.php]]>
              </value>
            </param>
            <param index="2">
              <value>
                <![CDATA[id_cb_label_t]]>
              </value>
            </param>
            <param index="3">
              <value>
                <![CDATA[(70, 24)]]>
              </value>
            </param>
            <param index="4">
              <value>
                <![CDATA[(561, 391)]]>
              </value>
            </param>
          </params>
          <reporter-output>
          </reporter-output>
        </test-method> <!-- test -->
        <test-method status="PASS" signature="am()[pri:0, instance:core.ElementsValidationTest@6a41eaa2]" test-instance-name="Element46: Button Back" name="am" is-config="true" duration-ms="158" started-at="2017-11-03T00:57:02Z" finished-at="2017-11-03T00:57:02Z">
          <reporter-output>
          </reporter-output>
        </test-method> <!-- am -->
        <test-method status="PASS" signature="bm(java.lang.reflect.Method, [Ljava.lang.Object;)[pri:0, instance:core.ElementsValidationTest@6a41eaa2]" test-instance-name="Element46: Button Back" name="bm" is-config="true" duration-ms="0" started-at="2017-11-03T00:57:02Z" finished-at="2017-11-03T00:57:02Z">
          <params>
            <param index="0">
              <value>
                <![CDATA[public void core.ElementsValidationTest.test(java.lang.String,java.lang.String,java.lang.String,java.lang.String,java.lang.String)]]>
              </value>
            </param>
            <param index="1">
              <value>
                <![CDATA[[Ljava.lang.Object;@43599640]]>
              </value>
            </param>
          </params>
          <reporter-output>
          </reporter-output>
        </test-method> <!-- bm -->
        <test-method status="PASS" signature="test(java.lang.String, java.lang.String, java.lang.String, java.lang.String, java.lang.String)[pri:0, instance:core.ElementsValidationTest@6a41eaa2]" test-instance-name="Element46: Button Back" name="test" duration-ms="1513" started-at="2017-11-03T00:57:02Z" data-provider="dp" finished-at="2017-11-03T00:57:04Z">
          <params>
            <param index="0">
              <value>
                <![CDATA[Element45: Terms conf]]>
              </value>
            </param>
            <param index="1">
              <value>
                <![CDATA[confirmation.php]]>
              </value>
            </param>
            <param index="2">
              <value>
                <![CDATA[id_terms]]>
              </value>
            </param>
            <param index="3">
              <value>
                <![CDATA[(10, 42)]]>
              </value>
            </param>
            <param index="4">
              <value>
                <![CDATA[(561, 409)]]>
              </value>
            </param>
          </params>
          <reporter-output>
          </reporter-output>
        </test-method> <!-- test -->
        <test-method status="PASS" signature="am()[pri:0, instance:core.ElementsValidationTest@6a41eaa2]" test-instance-name="Element46: Button Back" name="am" is-config="true" duration-ms="150" started-at="2017-11-03T00:57:04Z" finished-at="2017-11-03T00:57:04Z">
          <reporter-output>
          </reporter-output>
        </test-method> <!-- am -->
        <test-method status="PASS" signature="test(java.lang.String, java.lang.String, java.lang.String, java.lang.String, java.lang.String)[pri:0, instance:core.ElementsValidationTest@6a41eaa2]" test-instance-name="Element46: Button Back" name="test" duration-ms="2196" started-at="2017-11-03T00:57:04Z" data-provider="dp" finished-at="2017-11-03T00:57:06Z">
          <params>
            <param index="0">
              <value>
                <![CDATA[Element46: Button Back]]>
              </value>
            </param>
            <param index="1">
              <value>
                <![CDATA[confirmation.php]]>
              </value>
            </param>
            <param index="2">
              <value>
                <![CDATA[id_back_button]]>
              </value>
            </param>
            <param index="3">
              <value>
                <![CDATA[(120, 37)]]>
              </value>
            </param>
            <param index="4">
              <value>
                <![CDATA[(986, 483)]]>
              </value>
            </param>
          </params>
          <reporter-output>
          </reporter-output>
        </test-method> <!-- test -->
        <test-method status="PASS" signature="bm(java.lang.reflect.Method, [Ljava.lang.Object;)[pri:0, instance:core.ElementsValidationTest@6a41eaa2]" test-instance-name="Element46: Button Back" name="bm" is-config="true" duration-ms="0" started-at="2017-11-03T00:57:04Z" finished-at="2017-11-03T00:57:04Z">
          <params>
            <param index="0">
              <value>
                <![CDATA[public void core.ElementsValidationTest.test(java.lang.String,java.lang.String,java.lang.String,java.lang.String,java.lang.String)]]>
              </value>
            </param>
            <param index="1">
              <value>
                <![CDATA[[Ljava.lang.Object;@1f81aa00]]>
              </value>
            </param>
          </params>
          <reporter-output>
          </reporter-output>
        </test-method> <!-- bm -->
        <test-method status="PASS" signature="am()[pri:0, instance:core.ElementsValidationTest@6a41eaa2]" test-instance-name="Element46: Button Back" name="am" is-config="true" duration-ms="105" started-at="2017-11-03T00:57:06Z" finished-at="2017-11-03T00:57:06Z">
          <reporter-output>
          </reporter-output>
        </test-method> <!-- am -->
        <test-method status="PASS" signature="ac()[pri:0, instance:core.ElementsValidationTest@6a41eaa2]" test-instance-name="Element46: Button Back" name="ac" is-config="true" duration-ms="22" started-at="2017-11-03T00:57:06Z" finished-at="2017-11-03T00:57:06Z">
          <reporter-output>
          </reporter-output>
        </test-method> <!-- ac -->
      </class> <!-- core.ElementsValidationTest -->
    </test> <!-- Default test -->
  </suite> <!-- Default suite -->
</testng-results>
